app/build/outputs/logs/manifest-merger-debug-report.txt
-- Merging decision tree log ---
manifest
ADDED from src\main\AndroidManifest.xml:2:1-126:12
INJECTED from src\main\AndroidManifest.xml:2:1-126:12
INJECTED from src\main\AndroidManifest.xml:2:1-126:12
INJECTED from src\main\AndroidManifest.xml:2:1-126:12
MERGED from [androidx.databinding:viewbinding:7.0.0] AndroidManifest.xml:17:1-22:12
MERGED from [androidx.navigation:navigation-ui:2.3.5] AndroidManifest.xml:17:1-24:12
MERGED from [com.google.android.material:material:1.3.0] AndroidManifest.xml:17:1-24:12
MERGED from [androidx.constraintlayout:constraintlayout:2.0.4] AndroidManifest.xml:2:1-11:12
MERGED from [com.chaos.view:pinview:1.4.4] AndroidManifest.xml:17:1-24:12
MERGED from [androidx.appcompat:appcompat:1.2.0] AndroidManifest.xml:17:1-24:12
MERGED from [androidx.navigation:navigation-fragment:2.3.5] AndroidManifest.xml:17:1-24:12
MERGED from [androidx.legacy:legacy-support-v4:1.0.0] AndroidManifest.xml:17:1-22:12
MERGED from [com.android.volley:volley:1.2.0] AndroidManifest.xml:2:1-7:12
MERGED from [androidx.cardview:cardview:1.0.0] AndroidManifest.xml:17:1-22:12
MERGED from [androidx.legacy:legacy-support-core-ui:1.0.0] AndroidManifest.xml:17:1-22:12
MERGED from [androidx.cursoradapter:cursoradapter:1.0.0] AndroidManifest.xml:17:1-22:12
MERGED from [androidx.appcompat:appcompat-resources:1.2.0] AndroidManifest.xml:17:1-24:12
MERGED from [androidx.coordinatorlayout:coordinatorlayout:1.1.0] AndroidManifest.xml:17:1-24:12
MERGED from [androidx.vectordrawable:vectordrawable-animated:1.1.0] AndroidManifest.xml:17:1-24:12
MERGED from [androidx.vectordrawable:vectordrawable:1.1.0] AndroidManifest.xml:17:1-24:12
MERGED from [androidx.viewpager2:viewpager2:1.0.0] AndroidManifest.xml:17:1-24:12
MERGED from [androidx.dynamicanimation:dynamicanimation:1.0.0] AndroidManifest.xml:17:1-22:12
MERGED from [androidx.fragment:fragment:1.2.4] AndroidManifest.xml:17:1-24:12
MERGED from [androidx.drawerlayout:drawerlayout:1.1.1] AndroidManifest.xml:17:1-24:12
MERGED from [androidx.transition:transition:1.3.0] AndroidManifest.xml:17:1-24:12
MERGED from [androidx.recyclerview:recyclerview:1.1.0] AndroidManifest.xml:17:1-24:12
MERGED from [androidx.viewpager:viewpager:1.0.0] AndroidManifest.xml:17:1-22:12
MERGED from [androidx.slidingpanelayout:slidingpanelayout:1.0.0] AndroidManifest.xml:17:1-22:12
MERGED from [androidx.customview:customview:1.1.0] AndroidManifest.xml:17:1-24:12
MERGED from [androidx.media:media:1.0.0] AndroidManifest.xml:17:1-22:12
MERGED from [androidx.legacy:legacy-support-core-utils:1.0.0] AndroidManifest.xml:17:1-22:12
MERGED from [androidx.loader:loader:1.0.0] AndroidManifest.xml:17:1-22:12
MERGED from [androidx.navigation:navigation-runtime:2.3.5] AndroidManifest.xml:17:1-24:12
MERGED from [androidx.activity:activity:1.1.0] AndroidManifest.xml:17:1-24:12
MERGED from [androidx.navigation:navigation-common:2.3.5] AndroidManifest.xml:17:1-24:12
MERGED from [androidx.swiperefreshlayout:swiperefreshlayout:1.0.0] AndroidManifest.xml:17:1-22:12
MERGED from [androidx.asynclayoutinflater:asynclayoutinflater:1.0.0] AndroidManifest.xml:17:1-22:12
MERGED from [androidx.core:core:1.3.1] AndroidManifest.xml:17:1-26:12
MERGED from [androidx.versionedparcelable:versionedparcelable:1.1.0] AndroidManifest.xml:17:1-27:12
MERGED from [androidx.lifecycle:lifecycle-viewmodel-savedstate:2.2.0] AndroidManifest.xml:17:1-24:12
MERGED from [androidx.lifecycle:lifecycle-viewmodel:2.2.0] AndroidManifest.xml:17:1-24:12
MERGED from [androidx.savedstate:savedstate:1.0.0] AndroidManifest.xml:17:1-24:12
MERGED from [androidx.lifecycle:lifecycle-runtime:2.2.0] AndroidManifest.xml:17:1-24:12
MERGED from [androidx.documentfile:documentfile:1.0.0] AndroidManifest.xml:17:1-22:12
MERGED from [androidx.localbroadcastmanager:localbroadcastmanager:1.0.0] AndroidManifest.xml:17:1-22:12
MERGED from [androidx.print:print:1.0.0] AndroidManifest.xml:17:1-22:12
MERGED from [androidx.interpolator:interpolator:1.0.0] AndroidManifest.xml:17:1-22:12
MERGED from [androidx.lifecycle:lifecycle-livedata:2.0.0] AndroidManifest.xml:17:1-22:12
MERGED from [androidx.lifecycle:lifecycle-livedata-core:2.2.0] AndroidManifest.xml:17:1-24:12
MERGED from [androidx.arch.core:core-runtime:2.1.0] AndroidManifest.xml:17:1-24:12
MERGED from [androidx.annotation:annotation-experimental:1.0.0] AndroidManifest.xml:17:1-24:12
INJECTED from src\main\AndroidManifest.xml:2:1-126:12
INJECTED from src\main\AndroidManifest.xml:2:1-126:12
INJECTED from src\main\AndroidManifest.xml:2:1-126:12
	package
		ADDED from src\main\AndroidManifest.xml:3:5-38
		INJECTED from src\main\AndroidManifest.xml
		INJECTED from src\main\AndroidManifest.xml
	android:versionName
		INJECTED from src\main\AndroidManifest.xml
		ADDED from src\main\AndroidManifest.xml:2:1-126:12
		INJECTED from src\main\AndroidManifest.xml
	android:versionCode
		INJECTED from src\main\AndroidManifest.xml
		ADDED from src\main\AndroidManifest.xml:2:1-126:12
		INJECTED from src\main\AndroidManifest.xml
	xmlns:android
		ADDED from src\main\AndroidManifest.xml:2:11-69
uses-permission#android.permission.ACCESS_NETWORK_STATE
ADDED from src\main\AndroidManifest.xml:5:5-79
	android:name
		ADDED from src\main\AndroidManifest.xml:5:22-76
uses-permission#android.permission.INTERNET
ADDED from src\main\AndroidManifest.xml:6:5-67
	android:name
		ADDED from src\main\AndroidManifest.xml:6:22-64
application
ADDED from src\main\AndroidManifest.xml:8:5-124:19
MERGED from [com.google.android.material:material:1.3.0] AndroidManifest.xml:22:5-20
MERGED from [com.google.android.material:material:1.3.0] AndroidManifest.xml:22:5-20
MERGED from [androidx.constraintlayout:constraintlayout:2.0.4] AndroidManifest.xml:9:5-20
MERGED from [androidx.constraintlayout:constraintlayout:2.0.4] AndroidManifest.xml:9:5-20
MERGED from [androidx.core:core:1.3.1] AndroidManifest.xml:24:5-89
MERGED from [androidx.core:core:1.3.1] AndroidManifest.xml:24:5-89
MERGED from [androidx.versionedparcelable:versionedparcelable:1.1.0] AndroidManifest.xml:24:5-25:19
MERGED from [androidx.versionedparcelable:versionedparcelable:1.1.0] AndroidManifest.xml:24:5-25:19
	android:appComponentFactory
		ADDED from [androidx.core:core:1.3.1] AndroidManifest.xml:24:18-86
	android:supportsRtl
		ADDED from src\main\AndroidManifest.xml:12:9-35
	android:label
		ADDED from src\main\AndroidManifest.xml:11:9-41
	android:icon
		ADDED from src\main\AndroidManifest.xml:10:9-39
	android:allowBackup
		ADDED from src\main\AndroidManifest.xml:9:9-35
	android:theme
		ADDED from src\main\AndroidManifest.xml:13:9-49
activity#com.example.donoroncall.AnnouncementActivity
ADDED from src\main\AndroidManifest.xml:14:9-18:40
	android:parentActivityName
		ADDED from src\main\AndroidManifest.xml:16:13-65
	android:exported
		ADDED from src\main\AndroidManifest.xml:18:13-37
	android:theme
		ADDED from src\main\AndroidManifest.xml:17:13-62
	android:name
		ADDED from src\main\AndroidManifest.xml:15:13-49
activity#com.example.donoroncall.AccountActivity
ADDED from src\main\AndroidManifest.xml:19:9-23:40
	android:parentActivityName
		ADDED from src\main\AndroidManifest.xml:21:13-65
	android:exported
		ADDED from src\main\AndroidManifest.xml:23:13-37
	android:theme
		ADDED from src\main\AndroidManifest.xml:22:13-62
	android:name
		ADDED from src\main\AndroidManifest.xml:20:13-44
activity#com.example.donoroncall.AdminDashboardActivity
ADDED from src\main\AndroidManifest.xml:24:9-29:20
	android:exported
		ADDED from src\main\AndroidManifest.xml:26:13-36
	android:theme
		ADDED from src\main\AndroidManifest.xml:27:13-62
	android:name
		ADDED from src\main\AndroidManifest.xml:25:13-51
activity#com.example.donoroncall.AdminActivity
ADDED from src\main\AndroidManifest.xml:30:9-32:40
	android:exported
		ADDED from src\main\AndroidManifest.xml:32:13-37
	android:name
		ADDED from src\main\AndroidManifest.xml:31:13-42
activity#com.example.donoroncall.HospitalActivity
ADDED from src\main\AndroidManifest.xml:33:9-37:65
	android:parentActivityName
		ADDED from src\main\AndroidManifest.xml:36:13-65
	android:exported
		ADDED from src\main\AndroidManifest.xml:35:13-37
	android:theme
		ADDED from src\main\AndroidManifest.xml:37:13-62
	android:name
		ADDED from src\main\AndroidManifest.xml:34:13-45
activity#com.example.donoroncall.HospitalsList
ADDED from src\main\AndroidManifest.xml:38:9-40:39
	android:exported
		ADDED from src\main\AndroidManifest.xml:40:13-36
	android:name
		ADDED from src\main\AndroidManifest.xml:39:13-42
activity#com.example.donoroncall.AddHospitalActivity
ADDED from src\main\AndroidManifest.xml:41:9-45:65
	android:parentActivityName
		ADDED from src\main\AndroidManifest.xml:44:13-65
	android:exported
		ADDED from src\main\AndroidManifest.xml:43:13-37
	android:theme
		ADDED from src\main\AndroidManifest.xml:45:13-62
	android:name
		ADDED from src\main\AndroidManifest.xml:42:13-48
activity#com.example.donoroncall.AccountsListActivity
ADDED from src\main\AndroidManifest.xml:46:9-48:40
	android:exported
		ADDED from src\main\AndroidManifest.xml:48:13-37
	android:name
		ADDED from src\main\AndroidManifest.xml:47:13-49
activity#com.example.donoroncall.DonationRecord
ADDED from src\main\AndroidManifest.xml:49:9-51:40
	android:exported
		ADDED from src\main\AndroidManifest.xml:51:13-37
	android:name
		ADDED from src\main\AndroidManifest.xml:50:13-43
activity#com.example.donoroncall.HospitalProfile
ADDED from src\main\AndroidManifest.xml:52:9-54:40
	android:exported
		ADDED from src\main\AndroidManifest.xml:54:13-37
	android:name
		ADDED from src\main\AndroidManifest.xml:53:13-44
activity#com.example.donoroncall.HospitalResetPassword
ADDED from src\main\AndroidManifest.xml:55:9-57:40
	android:exported
		ADDED from src\main\AndroidManifest.xml:57:13-37
	android:name
		ADDED from src\main\AndroidManifest.xml:56:13-50
activity#com.example.donoroncall.AcceptNewDonation
ADDED from src\main\AndroidManifest.xml:58:9-60:40
	android:exported
		ADDED from src\main\AndroidManifest.xml:60:13-37
	android:name
		ADDED from src\main\AndroidManifest.xml:59:13-46
activity#com.example.donoroncall.add_announcment
ADDED from src\main\AndroidManifest.xml:61:9-63:40
	android:exported
		ADDED from src\main\AndroidManifest.xml:63:13-37
	android:name
		ADDED from src\main\AndroidManifest.xml:62:13-44
activity#com.example.donoroncall.HospitalAddEditAnnouncement
ADDED from src\main\AndroidManifest.xml:64:9-66:40
	android:exported
		ADDED from src\main\AndroidManifest.xml:66:13-37
	android:name
		ADDED from src\main\AndroidManifest.xml:65:13-56
activity#com.example.donoroncall.HospitalEditRequest
ADDED from src\main\AndroidManifest.xml:67:9-69:40
	android:exported
		ADDED from src\main\AndroidManifest.xml:69:13-37
	android:name
		ADDED from src\main\AndroidManifest.xml:68:13-48
activity#com.example.donoroncall.DonerRequests
ADDED from src\main\AndroidManifest.xml:70:9-72:40
	android:exported
		ADDED from src\main\AndroidManifest.xml:72:13-37
	android:name
		ADDED from src\main\AndroidManifest.xml:71:13-42
activity#com.example.donoroncall.HospitalRequests
ADDED from src\main\AndroidManifest.xml:73:9-75:40
	android:exported
		ADDED from src\main\AndroidManifest.xml:75:13-37
	android:name
		ADDED from src\main\AndroidManifest.xml:74:13-45
activity#com.example.donoroncall.HospitalMain
ADDED from src\main\AndroidManifest.xml:76:9-78:40
	android:exported
		ADDED from src\main\AndroidManifest.xml:78:13-37
	android:name
		ADDED from src\main\AndroidManifest.xml:77:13-41
activity#com.example.donoroncall.AddRequest
ADDED from src\main\AndroidManifest.xml:79:9-81:40
	android:exported
		ADDED from src\main\AndroidManifest.xml:81:13-37
	android:name
		ADDED from src\main\AndroidManifest.xml:80:13-39
activity#com.example.donoroncall.DoonerResetPassword
ADDED from src\main\AndroidManifest.xml:82:9-84:40
	android:exported
		ADDED from src\main\AndroidManifest.xml:84:13-37
	android:name
		ADDED from src\main\AndroidManifest.xml:83:13-48
activity#com.example.donoroncall.DoonerAnnouncementlist
ADDED from src\main\AndroidManifest.xml:85:9-87:40
	android:exported
		ADDED from src\main\AndroidManifest.xml:87:13-37
	android:name
		ADDED from src\main\AndroidManifest.xml:86:13-51
activity#com.example.donoroncall.DoonerProfileActivity
ADDED from src\main\AndroidManifest.xml:88:9-90:40
	android:exported
		ADDED from src\main\AndroidManifest.xml:90:13-37
	android:name
		ADDED from src\main\AndroidManifest.xml:89:13-50
activity#com.example.donoroncall.DoonerMainActivity
ADDED from src\main\AndroidManifest.xml:91:9-93:40
	android:exported
		ADDED from src\main\AndroidManifest.xml:93:13-37
	android:name
		ADDED from src\main\AndroidManifest.xml:92:13-47
activity#com.example.donoroncall.OtpActivity
ADDED from src\main\AndroidManifest.xml:94:9-96:40
	android:exported
		ADDED from src\main\AndroidManifest.xml:96:13-37
	android:name
		ADDED from src\main\AndroidManifest.xml:95:13-40
activity#com.example.donoroncall.ForgetPassword
ADDED from src\main\AndroidManifest.xml:97:9-99:40
	android:exported
		ADDED from src\main\AndroidManifest.xml:99:13-37
	android:name
		ADDED from src\main\AndroidManifest.xml:98:13-43
activity#com.example.donoroncall.ForgetPasswordMain
ADDED from src\main\AndroidManifest.xml:100:9-102:40
	android:exported
		ADDED from src\main\AndroidManifest.xml:102:13-37
	android:name
		ADDED from src\main\AndroidManifest.xml:101:13-47
activity#com.example.donoroncall.ForgetPasswordDonor
ADDED from src\main\AndroidManifest.xml:103:9-105:40
	android:exported
		ADDED from src\main\AndroidManifest.xml:105:13-37
	android:name
		ADDED from src\main\AndroidManifest.xml:104:13-48
activity#com.example.donoroncall.ForgetPasswordHospital
ADDED from src\main\AndroidManifest.xml:106:9-108:40
	android:exported
		ADDED from src\main\AndroidManifest.xml:108:13-37
	android:name
		ADDED from src\main\AndroidManifest.xml:107:13-51
activity#com.example.donoroncall.RegisterActivity
ADDED from src\main\AndroidManifest.xml:109:9-111:39
	android:exported
		ADDED from src\main\AndroidManifest.xml:111:13-36
	android:name
		ADDED from src\main\AndroidManifest.xml:110:13-45
activity#com.example.donoroncall.LoginActivity
ADDED from src\main\AndroidManifest.xml:112:9-114:39
	android:exported
		ADDED from src\main\AndroidManifest.xml:114:13-36
	android:name
		ADDED from src\main\AndroidManifest.xml:113:13-42
activity#com.example.donoroncall.LaunchActivity
ADDED from src\main\AndroidManifest.xml:115:9-123:20
	android:exported
		ADDED from src\main\AndroidManifest.xml:117:13-36
	android:name
		ADDED from src\main\AndroidManifest.xml:116:13-43
intent-filter#action:name:android.intent.action.MAIN+category:name:android.intent.category.LAUNCHER
ADDED from src\main\AndroidManifest.xml:118:13-122:29
action#android.intent.action.MAIN
ADDED from src\main\AndroidManifest.xml:119:17-69
	android:name
		ADDED from src\main\AndroidManifest.xml:119:25-66
category#android.intent.category.LAUNCHER
ADDED from src\main\AndroidManifest.xml:121:17-77
	android:name
		ADDED from src\main\AndroidManifest.xml:121:27-74
uses-sdk
INJECTED from src\main\AndroidManifest.xml reason: use-sdk injection requested
INJECTED from src\main\AndroidManifest.xml
INJECTED from src\main\AndroidManifest.xml
MERGED from [androidx.databinding:viewbinding:7.0.0] AndroidManifest.xml:20:5-44
MERGED from [androidx.databinding:viewbinding:7.0.0] AndroidManifest.xml:20:5-44
MERGED from [androidx.navigation:navigation-ui:2.3.5] AndroidManifest.xml:20:5-22:41
MERGED from [androidx.navigation:navigation-ui:2.3.5] AndroidManifest.xml:20:5-22:41
MERGED from [com.google.android.material:material:1.3.0] AndroidManifest.xml:20:5-44
MERGED from [com.google.android.material:material:1.3.0] AndroidManifest.xml:20:5-44
MERGED from [androidx.constraintlayout:constraintlayout:2.0.4] AndroidManifest.xml:5:5-7:41
MERGED from [androidx.constraintlayout:constraintlayout:2.0.4] AndroidManifest.xml:5:5-7:41
MERGED from [com.chaos.view:pinview:1.4.4] AndroidManifest.xml:20:5-22:41
MERGED from [com.chaos.view:pinview:1.4.4] AndroidManifest.xml:20:5-22:41
MERGED from [androidx.appcompat:appcompat:1.2.0] AndroidManifest.xml:20:5-22:41
MERGED from [androidx.appcompat:appcompat:1.2.0] AndroidManifest.xml:20:5-22:41
MERGED from [androidx.navigation:navigation-fragment:2.3.5] AndroidManifest.xml:20:5-22:41
MERGED from [androidx.navigation:navigation-fragment:2.3.5] AndroidManifest.xml:20:5-22:41
MERGED from [androidx.legacy:legacy-support-v4:1.0.0] AndroidManifest.xml:20:5-44
MERGED from [androidx.legacy:legacy-support-v4:1.0.0] AndroidManifest.xml:20:5-44
MERGED from [com.android.volley:volley:1.2.0] AndroidManifest.xml:5:5-43
MERGED from [com.android.volley:volley:1.2.0] AndroidManifest.xml:5:5-43
MERGED from [androidx.cardview:cardview:1.0.0] AndroidManifest.xml:20:5-44
MERGED from [androidx.cardview:cardview:1.0.0] AndroidManifest.xml:20:5-44
MERGED from [androidx.legacy:legacy-support-core-ui:1.0.0] AndroidManifest.xml:20:5-44
MERGED from [androidx.legacy:legacy-support-core-ui:1.0.0] AndroidManifest.xml:20:5-44
MERGED from [androidx.cursoradapter:cursoradapter:1.0.0] AndroidManifest.xml:20:5-44
MERGED from [androidx.cursoradapter:cursoradapter:1.0.0] AndroidManifest.xml:20:5-44
MERGED from [androidx.appcompat:appcompat-resources:1.2.0] AndroidManifest.xml:20:5-22:41
MERGED from [androidx.appcompat:appcompat-resources:1.2.0] AndroidManifest.xml:20:5-22:41
MERGED from [androidx.coordinatorlayout:coordinatorlayout:1.1.0] AndroidManifest.xml:20:5-22:41
MERGED from [androidx.coordinatorlayout:coordinatorlayout:1.1.0] AndroidManifest.xml:20:5-22:41
MERGED from [androidx.vectordrawable:vectordrawable-animated:1.1.0] AndroidManifest.xml:20:5-22:41
MERGED from [androidx.vectordrawable:vectordrawable-animated:1.1.0] AndroidManifest.xml:20:5-22:41
MERGED from [androidx.vectordrawable:vectordrawable:1.1.0] AndroidManifest.xml:20:5-22:41
MERGED from [androidx.vectordrawable:vectordrawable:1.1.0] AndroidManifest.xml:20:5-22:41
MERGED from [androidx.viewpager2:viewpager2:1.0.0] AndroidManifest.xml:20:5-22:41
MERGED from [androidx.viewpager2:viewpager2:1.0.0] AndroidManifest.xml:20:5-22:41
MERGED from [androidx.dynamicanimation:dynamicanimation:1.0.0] AndroidManifest.xml:20:5-44
MERGED from [androidx.dynamicanimation:dynamicanimation:1.0.0] AndroidManifest.xml:20:5-44
MERGED from [androidx.fragment:fragment:1.2.4] AndroidManifest.xml:20:5-22:41
MERGED from [androidx.fragment:fragment:1.2.4] AndroidManifest.xml:20:5-22:41
MERGED from [androidx.drawerlayout:drawerlayout:1.1.1] AndroidManifest.xml:20:5-22:41
MERGED from [androidx.drawerlayout:drawerlayout:1.1.1] AndroidManifest.xml:20:5-22:41
MERGED from [androidx.transition:transition:1.3.0] AndroidManifest.xml:20:5-22:41
MERGED from [androidx.transition:transition:1.3.0] AndroidManifest.xml:20:5-22:41
MERGED from [androidx.recyclerview:recyclerview:1.1.0] AndroidManifest.xml:20:5-22:41
MERGED from [androidx.recyclerview:recyclerview:1.1.0] AndroidManifest.xml:20:5-22:41
MERGED from [androidx.viewpager:viewpager:1.0.0] AndroidManifest.xml:20:5-44
MERGED from [androidx.viewpager:viewpager:1.0.0] AndroidManifest.xml:20:5-44
MERGED from [androidx.slidingpanelayout:slidingpanelayout:1.0.0] AndroidManifest.xml:20:5-44
MERGED from [androidx.slidingpanelayout:slidingpanelayout:1.0.0] AndroidManifest.xml:20:5-44
MERGED from [androidx.customview:customview:1.1.0] AndroidManifest.xml:20:5-22:41
MERGED from [androidx.customview:customview:1.1.0] AndroidManifest.xml:20:5-22:41
MERGED from [androidx.media:media:1.0.0] AndroidManifest.xml:20:5-44
MERGED from [androidx.media:media:1.0.0] AndroidManifest.xml:20:5-44
MERGED from [androidx.legacy:legacy-support-core-utils:1.0.0] AndroidManifest.xml:20:5-44
MERGED from [androidx.legacy:legacy-support-core-utils:1.0.0] AndroidManifest.xml:20:5-44
MERGED from [androidx.loader:loader:1.0.0] AndroidManifest.xml:20:5-44
MERGED from [androidx.loader:loader:1.0.0] AndroidManifest.xml:20:5-44
MERGED from [androidx.navigation:navigation-runtime:2.3.5] AndroidManifest.xml:20:5-22:41
MERGED from [androidx.navigation:navigation-runtime:2.3.5] AndroidManifest.xml:20:5-22:41
MERGED from [androidx.activity:activity:1.1.0] AndroidManifest.xml:20:5-22:41
MERGED from [androidx.activity:activity:1.1.0] AndroidManifest.xml:20:5-22:41
MERGED from [androidx.navigation:navigation-common:2.3.5] AndroidManifest.xml:20:5-22:41
MERGED from [androidx.navigation:navigation-common:2.3.5] AndroidManifest.xml:20:5-22:41
MERGED from [androidx.swiperefreshlayout:swiperefreshlayout:1.0.0] AndroidManifest.xml:20:5-44
MERGED from [androidx.swiperefreshlayout:swiperefreshlayout:1.0.0] AndroidManifest.xml:20:5-44
MERGED from [androidx.asynclayoutinflater:asynclayoutinflater:1.0.0] AndroidManifest.xml:20:5-44
MERGED from [androidx.asynclayoutinflater:asynclayoutinflater:1.0.0] AndroidManifest.xml:20:5-44
MERGED from [androidx.core:core:1.3.1] AndroidManifest.xml:20:5-22:41
MERGED from [androidx.core:core:1.3.1] AndroidManifest.xml:20:5-22:41
MERGED from [androidx.versionedparcelable:versionedparcelable:1.1.0] AndroidManifest.xml:20:5-22:41
MERGED from [androidx.versionedparcelable:versionedparcelable:1.1.0] AndroidManifest.xml:20:5-22:41
MERGED from [androidx.lifecycle:lifecycle-viewmodel-savedstate:2.2.0] AndroidManifest.xml:20:5-22:41
MERGED from [androidx.lifecycle:lifecycle-viewmodel-savedstate:2.2.0] AndroidManifest.xml:20:5-22:41
MERGED from [androidx.lifecycle:lifecycle-viewmodel:2.2.0] AndroidManifest.xml:20:5-22:41
MERGED from [androidx.lifecycle:lifecycle-viewmodel:2.2.0] AndroidManifest.xml:20:5-22:41
MERGED from [androidx.savedstate:savedstate:1.0.0] AndroidManifest.xml:20:5-22:41
MERGED from [androidx.savedstate:savedstate:1.0.0] AndroidManifest.xml:20:5-22:41
MERGED from [androidx.lifecycle:lifecycle-runtime:2.2.0] AndroidManifest.xml:20:5-22:41
MERGED from [androidx.lifecycle:lifecycle-runtime:2.2.0] AndroidManifest.xml:20:5-22:41
MERGED from [androidx.documentfile:documentfile:1.0.0] AndroidManifest.xml:20:5-44
MERGED from [androidx.documentfile:documentfile:1.0.0] AndroidManifest.xml:20:5-44
MERGED from [androidx.localbroadcastmanager:localbroadcastmanager:1.0.0] AndroidManifest.xml:20:5-44
MERGED from [androidx.localbroadcastmanager:localbroadcastmanager:1.0.0] AndroidManifest.xml:20:5-44
MERGED from [androidx.print:print:1.0.0] AndroidManifest.xml:20:5-44
MERGED from [androidx.print:print:1.0.0] AndroidManifest.xml:20:5-44
MERGED from [androidx.interpolator:interpolator:1.0.0] AndroidManifest.xml:20:5-44
MERGED from [androidx.interpolator:interpolator:1.0.0] AndroidManifest.xml:20:5-44
MERGED from [androidx.lifecycle:lifecycle-livedata:2.0.0] AndroidManifest.xml:20:5-44
MERGED from [androidx.lifecycle:lifecycle-livedata:2.0.0] AndroidManifest.xml:20:5-44
MERGED from [androidx.lifecycle:lifecycle-livedata-core:2.2.0] AndroidManifest.xml:20:5-22:41
MERGED from [androidx.lifecycle:lifecycle-livedata-core:2.2.0] AndroidManifest.xml:20:5-22:41
MERGED from [androidx.arch.core:core-runtime:2.1.0] AndroidManifest.xml:20:5-22:41
MERGED from [androidx.arch.core:core-runtime:2.1.0] AndroidManifest.xml:20:5-22:41
MERGED from [androidx.annotation:annotation-experimental:1.0.0] AndroidManifest.xml:20:5-22:41
MERGED from [androidx.annotation:annotation-experimental:1.0.0] AndroidManifest.xml:20:5-22:41
INJECTED from src\main\AndroidManifest.xml
INJECTED from src\main\AndroidManifest.xml
	android:targetSdkVersion
		INJECTED from src\main\AndroidManifest.xml
		ADDED from src\main\AndroidManifest.xml
		INJECTED from src\main\AndroidManifest.xml
	android:minSdkVersion
		INJECTED from src\main\AndroidManifest.xml
		ADDED from src\main\AndroidManifest.xml
		INJECTED from src\main\AndroidManifest.xml